2025-05-13 15:46:15,118 - INFO - [<module>] - Perni configurati per il motore: extruder
2025-05-13 15:46:15,119 - INFO - [<module>] - Perni configurati per il motore: syringe
2025-05-13 15:46:15,119 - INFO - [<module>] - Perni configurati per il motore: conveyor
2025-05-13 16:11:16,659 - DEBUG - [move_motor_view] - Richiesta ricevuta: {'targets': {'extruder': 0, 'conveyor': 0, 'syringe': 0}}
2025-05-13 16:11:16,660 - DEBUG - [manage_motor_pins] - Abilitata syringe, disabilitati extruder e conveyor.
2025-05-13 16:11:16,661 - DEBUG - [generate_waveform] - Target ricevuto per motore extruder: distanza=0
2025-05-13 16:11:16,661 - DEBUG - [compute_motor_params] - Parametri motore extruder: stepOneRev=200.0, microstep=8, pitch=3.78, maxSpeed=250.0, acceleration=800.0
2025-05-13 16:11:16,661 - DEBUG - [compute_motor_params] - Esito calcoli per motore extruder: steps_per_mm=423.2804232804233, max_freq=105820.10582010582, accel_steps=16534, decel_steps=16534
2025-05-13 16:11:16,661 - DEBUG - [generate_waveform] - Piano di impulsi per motore extruder: {'pin': 13, 'steps_total': 0, 'max_freq': 105820.10582010582, 'accel_steps': 0, 'decel_steps': 0, 'steps_done': 0}
2025-05-13 16:11:16,661 - DEBUG - [generate_waveform] - Target ricevuto per motore conveyor: distanza=0
2025-05-13 16:11:16,661 - DEBUG - [compute_motor_params] - Parametri motore conveyor: stepOneRev=200.0, microstep=8, pitch=10.0, maxSpeed=250.0, acceleration=1000.0
2025-05-13 16:11:16,661 - DEBUG - [compute_motor_params] - Esito calcoli per motore conveyor: steps_per_mm=160.0, max_freq=40000.0, accel_steps=5000, decel_steps=5000
2025-05-13 16:11:16,661 - DEBUG - [generate_waveform] - Piano di impulsi per motore conveyor: {'pin': 12, 'steps_total': 0, 'max_freq': 40000.0, 'accel_steps': 0, 'decel_steps': 0, 'steps_done': 0}
2025-05-13 16:11:16,661 - DEBUG - [generate_waveform] - Target ricevuto per motore syringe: distanza=0
2025-05-13 16:11:16,661 - DEBUG - [compute_motor_params] - Parametri motore syringe: stepOneRev=200.0, microstep=8, pitch=3.78, maxSpeed=250.0, acceleration=800.0
2025-05-13 16:11:16,661 - DEBUG - [compute_motor_params] - Esito calcoli per motore syringe: steps_per_mm=423.2804232804233, max_freq=105820.10582010582, accel_steps=16534, decel_steps=16534
2025-05-13 16:11:16,661 - DEBUG - [generate_waveform] - Piano di impulsi per motore syringe: {'pin': 18, 'steps_total': 0, 'max_freq': 105820.10582010582, 'accel_steps': 0, 'decel_steps': 0, 'steps_done': 0}
2025-05-13 16:11:16,661 - DEBUG - [generate_waveform] - Waveform precedenti cancellate da pigpio.
2025-05-13 16:11:16,661 - INFO - [generate_waveform] - Generati 0 ID di waveform.
2025-05-13 16:11:16,661 - DEBUG - [log_json_response] - JSON Response: {"log": "Nessuna waveform generata, nessun movimento avviato.", "error": "Waveform non creata o vuota"}
2025-05-13 16:11:16,661 - ERROR - [log_response] - Internal Server Error: /motors/move/
2025-05-13 16:11:27,213 - DEBUG - [move_motor_view] - Richiesta ricevuta: {'targets': {'extruder': 10, 'conveyor': 15, 'syringe': 0}}
2025-05-13 16:11:27,215 - DEBUG - [manage_motor_pins] - Abilitata syringe, disabilitati extruder e conveyor.
2025-05-13 16:11:27,216 - DEBUG - [generate_waveform] - Target ricevuto per motore extruder: distanza=10
2025-05-13 16:11:27,216 - DEBUG - [compute_motor_params] - Parametri motore extruder: stepOneRev=200.0, microstep=8, pitch=3.78, maxSpeed=250.0, acceleration=800.0
2025-05-13 16:11:27,216 - DEBUG - [compute_motor_params] - Esito calcoli per motore extruder: steps_per_mm=423.2804232804233, max_freq=105820.10582010582, accel_steps=16534, decel_steps=16534
2025-05-13 16:11:27,216 - DEBUG - [generate_waveform] - Piano di impulsi per motore extruder: {'pin': 13, 'steps_total': 4232, 'max_freq': 105820.10582010582, 'accel_steps': 2116, 'decel_steps': 2116, 'steps_done': 0}
2025-05-13 16:11:27,216 - DEBUG - [generate_waveform] - Target ricevuto per motore conveyor: distanza=15
2025-05-13 16:11:27,216 - DEBUG - [compute_motor_params] - Parametri motore conveyor: stepOneRev=200.0, microstep=8, pitch=10.0, maxSpeed=250.0, acceleration=1000.0
2025-05-13 16:11:27,216 - DEBUG - [compute_motor_params] - Esito calcoli per motore conveyor: steps_per_mm=160.0, max_freq=40000.0, accel_steps=5000, decel_steps=5000
2025-05-13 16:11:27,216 - DEBUG - [generate_waveform] - Piano di impulsi per motore conveyor: {'pin': 12, 'steps_total': 2400, 'max_freq': 40000.0, 'accel_steps': 1200, 'decel_steps': 1200, 'steps_done': 0}
2025-05-13 16:11:27,216 - DEBUG - [generate_waveform] - Target ricevuto per motore syringe: distanza=0
2025-05-13 16:11:27,216 - DEBUG - [compute_motor_params] - Parametri motore syringe: stepOneRev=200.0, microstep=8, pitch=3.78, maxSpeed=250.0, acceleration=800.0
2025-05-13 16:11:27,216 - DEBUG - [compute_motor_params] - Esito calcoli per motore syringe: steps_per_mm=423.2804232804233, max_freq=105820.10582010582, accel_steps=16534, decel_steps=16534
2025-05-13 16:11:27,216 - DEBUG - [generate_waveform] - Piano di impulsi per motore syringe: {'pin': 18, 'steps_total': 0, 'max_freq': 105820.10582010582, 'accel_steps': 0, 'decel_steps': 0, 'steps_done': 0}
2025-05-13 16:11:27,216 - DEBUG - [generate_waveform] - Waveform precedenti cancellate da pigpio.
2025-05-13 16:11:27,278 - DEBUG - [create_wave] - Waveform creata con ID: <MagicMock name='mock.pi().wave_create()' id='5299878352'> da 5000 impulsi.
2025-05-13 16:11:27,346 - DEBUG - [create_wave] - Waveform creata con ID: <MagicMock name='mock.pi().wave_create()' id='5299878352'> da 5000 impulsi.
2025-05-13 16:11:27,369 - DEBUG - [create_wave] - Waveform creata con ID: <MagicMock name='mock.pi().wave_create()' id='5299878352'> da 3264 impulsi.
2025-05-13 16:11:27,370 - INFO - [generate_waveform] - Generati 3 ID di waveform.
2025-05-13 16:11:27,370 - DEBUG - [start_motor_movement] - start_motor_movement: Esecuzione della wave_chain con 3 wave_ids.
2025-05-13 16:11:27,370 - DEBUG - [execute_wave_chain] - Esecuzione chunk 1 della catena con 3 wave IDs: [<MagicMock name='mock.pi().wave_create()' id='5299878352'>, <MagicMock name='mock.pi().wave_create()' id='5299878352'>, <MagicMock name='mock.pi().wave_create()' id='5299878352'>]
2025-05-13 16:11:27,372 - DEBUG - [log_json_response] - JSON Response: {"log": "Movimento avviato", "status": "success", "wave_ids_count": 3}
